2024-08-01 11:31:56,758 [Worker-5] INFO  c.g.t.t.d.PublishedGradleVersions - Gradle version information cache is up-to-date. Trying to read.
2024-08-01 11:33:52,987 [Worker-9] INFO  o.e.m.c.i.p.ProjectConfigurationManager - Collecting project info '/pom.xml' C:\Users\Training1\Desktop\MavenSonarActivity\SortedMapProg\pom.xml
2024-08-01 11:34:14,444 [Worker-9] INFO  o.e.m.c.i.l.LifecycleMappingFactory - Using org.eclipse.m2e.jdt.JarLifecycleMapping lifecycle mapping for MavenProject: MaevanProject:SortedMapProg:0.0.1-SNAPSHOT @ C:\Users\Training1\Desktop\MavenSonarActivity\SortedMapProg\pom.xml.
2024-08-01 11:34:24,370 [Worker-9] INFO  o.e.m.j.i.AbstractJavaProjectConfigurator - Adding source folder /SortedMapProg/src/main/java
2024-08-01 11:34:24,390 [Worker-9] INFO  o.e.m.j.i.AbstractJavaProjectConfigurator - Adding source folder /SortedMapProg/src/test/java
2024-08-01 11:34:28,961 [Worker-9] INFO  o.e.m.c.i.p.ProjectConfigurationManager - Imported and configured 1 project(s) in 35 sec
2024-08-01 11:34:30,216 [Worker-17] INFO  o.e.m.c.i.embedder.EclipseLogger - Using 'UTF-8' encoding to copy filtered resources.
2024-08-01 11:34:30,216 [Worker-17] INFO  o.e.m.c.i.embedder.EclipseLogger - skip non existing resourceDirectory C:\Users\Training1\Desktop\MavenSonarActivity\SortedMapProg\src\main\resources
2024-08-01 11:34:30,219 [Worker-17] INFO  o.e.m.c.i.embedder.EclipseLogger - Using 'UTF-8' encoding to copy filtered resources.
2024-08-01 11:34:30,219 [Worker-17] INFO  o.e.m.c.i.embedder.EclipseLogger - skip non existing resourceDirectory C:\Users\Training1\Desktop\MavenSonarActivity\SortedMapProg\src\test\resources
2024-08-01 11:34:46,801 [Worker-7] INFO  o.e.m.c.i.embedder.EclipseLogger - Using 'UTF-8' encoding to copy filtered resources.
2024-08-01 11:34:46,802 [Worker-7] INFO  o.e.m.c.i.embedder.EclipseLogger - skip non existing resourceDirectory C:\Users\Training1\Desktop\MavenSonarActivity\SortedMapProg\src\main\resources
2024-08-01 11:34:46,803 [Worker-7] INFO  o.e.m.c.i.embedder.EclipseLogger - Using 'UTF-8' encoding to copy filtered resources.
2024-08-01 11:34:46,803 [Worker-7] INFO  o.e.m.c.i.embedder.EclipseLogger - skip non existing resourceDirectory C:\Users\Training1\Desktop\MavenSonarActivity\SortedMapProg\src\test\resources
2024-08-01 11:35:49,839 [Worker-1] INFO  o.e.m.c.i.embedder.EclipseLogger - Using 'UTF-8' encoding to copy filtered resources.
2024-08-01 11:35:49,839 [Worker-1] INFO  o.e.m.c.i.embedder.EclipseLogger - skip non existing resourceDirectory C:\Users\Training1\Desktop\MavenSonarActivity\SortedMapProg\src\main\resources
2024-08-01 11:35:49,841 [Worker-1] INFO  o.e.m.c.i.embedder.EclipseLogger - Using 'UTF-8' encoding to copy filtered resources.
2024-08-01 11:35:49,842 [Worker-1] INFO  o.e.m.c.i.embedder.EclipseLogger - skip non existing resourceDirectory C:\Users\Training1\Desktop\MavenSonarActivity\SortedMapProg\src\test\resources
2024-08-01 11:36:08,840 [Worker-8] INFO  o.e.m.c.i.embedder.EclipseLogger - Using 'UTF-8' encoding to copy filtered resources.
2024-08-01 11:36:08,840 [Worker-8] INFO  o.e.m.c.i.embedder.EclipseLogger - skip non existing resourceDirectory C:\Users\Training1\Desktop\MavenSonarActivity\SortedMapProg\src\main\resources
2024-08-01 11:36:08,845 [Worker-8] INFO  o.e.m.c.i.embedder.EclipseLogger - Using 'UTF-8' encoding to copy filtered resources.
2024-08-01 11:36:08,846 [Worker-8] INFO  o.e.m.c.i.embedder.EclipseLogger - skip non existing resourceDirectory C:\Users\Training1\Desktop\MavenSonarActivity\SortedMapProg\src\test\resources
2024-08-01 11:37:04,195 [Worker-7] INFO  o.e.m.c.i.embedder.EclipseLogger - Using 'UTF-8' encoding to copy filtered resources.
2024-08-01 11:37:04,195 [Worker-7] INFO  o.e.m.c.i.embedder.EclipseLogger - skip non existing resourceDirectory C:\Users\Training1\Desktop\MavenSonarActivity\SortedMapProg\src\main\resources
2024-08-01 11:37:04,196 [Worker-7] INFO  o.e.m.c.i.embedder.EclipseLogger - Using 'UTF-8' encoding to copy filtered resources.
2024-08-01 11:37:04,197 [Worker-7] INFO  o.e.m.c.i.embedder.EclipseLogger - skip non existing resourceDirectory C:\Users\Training1\Desktop\MavenSonarActivity\SortedMapProg\src\test\resources
2024-08-01 11:37:34,183 [main] INFO  o.e.m2e.actions.ExecutePomAction - Creating new launch configuration
2024-08-01 11:37:54,968 [Worker-16] INFO  o.e.m.i.launch.MavenLaunchDelegate - C:\Users\Training1\Desktop\MavenSonarActivity\SortedMapProg
2024-08-01 11:37:54,969 [Worker-16] INFO  o.e.m.i.launch.MavenLaunchDelegate -  mvn -B compiler:compile
2024-08-01 11:38:26,817 [Worker-13] INFO  o.e.m.i.launch.MavenLaunchDelegate - C:\Users\Training1\Desktop\MavenSonarActivity\SortedMapProg
2024-08-01 11:38:26,819 [Worker-13] INFO  o.e.m.i.launch.MavenLaunchDelegate -  mvn -B install
2024-08-01 11:38:33,593 [Worker-10] INFO  o.e.m.c.i.embedder.EclipseLogger - Using 'UTF-8' encoding to copy filtered resources.
2024-08-01 11:38:33,593 [Worker-10] INFO  o.e.m.c.i.embedder.EclipseLogger - skip non existing resourceDirectory C:\Users\Training1\Desktop\MavenSonarActivity\SortedMapProg\src\main\resources
2024-08-01 11:38:33,596 [Worker-10] INFO  o.e.m.c.i.embedder.EclipseLogger - Using 'UTF-8' encoding to copy filtered resources.
2024-08-01 11:38:33,599 [Worker-10] INFO  o.e.m.c.i.embedder.EclipseLogger - skip non existing resourceDirectory C:\Users\Training1\Desktop\MavenSonarActivity\SortedMapProg\src\test\resources
2024-08-01 11:38:45,467 [Worker-16] INFO  o.e.m.i.launch.MavenLaunchDelegate - C:\Users\Training1\Desktop\MavenSonarActivity\SortedMapProg
2024-08-01 11:38:45,480 [Worker-16] INFO  o.e.m.i.launch.MavenLaunchDelegate -  mvn -B install
2024-08-01 11:39:03,673 [Worker-10] INFO  o.e.m.c.i.embedder.EclipseLogger - Using 'UTF-8' encoding to copy filtered resources.
2024-08-01 11:39:03,674 [Worker-10] INFO  o.e.m.c.i.embedder.EclipseLogger - skip non existing resourceDirectory C:\Users\Training1\Desktop\MavenSonarActivity\SortedMapProg\src\main\resources
2024-08-01 11:39:03,675 [Worker-10] INFO  o.e.m.c.i.embedder.EclipseLogger - Using 'UTF-8' encoding to copy filtered resources.
2024-08-01 11:39:03,676 [Worker-10] INFO  o.e.m.c.i.embedder.EclipseLogger - skip non existing resourceDirectory C:\Users\Training1\Desktop\MavenSonarActivity\SortedMapProg\src\test\resources
2024-08-01 11:39:20,186 [main] INFO  o.e.m2e.actions.ExecutePomAction - Creating new launch configuration
2024-08-01 11:39:30,641 [Worker-16] INFO  o.e.m.i.launch.MavenLaunchDelegate - C:\Users\Training1\Desktop\MavenSonarActivity\SortedMapProg
2024-08-01 11:39:30,642 [Worker-16] INFO  o.e.m.i.launch.MavenLaunchDelegate -  mvn -B compiler:compile
